<?xml version="1.0" encoding="UTF-8"?>
<!-- Generated by org.testng.reporters.JUnitXMLReporter -->
<testsuite ignored="0" hostname="LAPTOP-9ORMJ2BP" failures="0" tests="4" name="Default test" time="63.942" errors="0" timestamp="2022-07-17T19:01:45 IST">
  <testcase classname="test.TestClass" name="loginverify" time="15.902"/>
  <testcase classname="test.TestClass" name="loginverify" time="2.591"/>
  <testcase classname="test.TestClass" name="loginverify" time="2.596"/>
  <testcase classname="test.TestClass" name="loginverify" time="2.584"/>
</testsuite> <!-- Default test -->
